<?xml version="1.0" encoding="UTF-8"?>
<!-- Generated by org.testng.reporters.JUnitXMLReporter -->
<testsuite hostname="Batch5-Prithiviraj" name="Default test" tests="4" failures="0" timestamp="13 Aug 2018 10:44:19 GMT" time="171.445" errors="0">
  <testcase name="verifyhomepagetitletest" time="0.024" classname="com.qa.crm.testcases.HomePageTest"/>
  <testcase name="verifyusername" time="0.136" classname="com.qa.crm.testcases.HomePageTest"/>
  <testcase name="verifycontactslink" time="0.263" classname="com.qa.crm.testcases.HomePageTest"/>
  <testcase name="navigateonnewcontacts" time="1.643" classname="com.qa.crm.testcases.HomePageTest"/>
</testsuite> <!-- Default test -->
