<?xml version="1.0" encoding="UTF-8"?>
<!-- Generated by org.testng.reporters.JUnitXMLReporter -->
<testsuite hostname="Batch5-Prithiviraj" name="Test" tests="7" failures="2" timestamp="5 Aug 2018 20:10:00 GMT" time="310.124" errors="0">
  <testcase name="verifycontactslabel" time="0.015" classname="com.qa.crm.testcases.ContactsPageTest">
    <failure type="java.lang.NullPointerException">
      <![CDATA[java.lang.NullPointerException
	at com.qa.crm.testcases.ContactsPageTest.verifycontactslabel(ContactsPageTest.java:36)
... Removed 24 stack frames]]>
    </failure>
  </testcase> <!-- verifycontactslabel -->
  <testcase name="verifyhomepagetitletest" time="0.026" classname="com.qa.crm.testcases.HomePageTest"/>
  <testcase name="verifyusername" time="0.145" classname="com.qa.crm.testcases.HomePageTest"/>
  <testcase name="verifycontactslink" time="0.636" classname="com.qa.crm.testcases.HomePageTest"/>
  <testcase name="loginpagetitletest" time="0.017" classname="com.qa.crm.testcases.LoginPageTest">
    <failure type="java.lang.AssertionError" message="expected [#1 Free CRM software in the cloud for sales and s] but found [#1 Free CRM software in the cloud for sales and service]">
      <![CDATA[java.lang.AssertionError: expected [#1 Free CRM software in the cloud for sales and s] but found [#1 Free CRM software in the cloud for sales and service]
	at com.qa.crm.testcases.LoginPageTest.loginpagetitletest(LoginPageTest.java:35)
... Removed 30 stack frames]]>
    </failure>
  </testcase> <!-- loginpagetitletest -->
  <testcase name="logintest" time="15.691" classname="com.qa.crm.testcases.LoginPageTest"/>
  <testcase name="crmlogotest" time="0.118" classname="com.qa.crm.testcases.LoginPageTest"/>
</testsuite> <!-- Test -->
