<?xml version="1.0" encoding="UTF-8" ?>
<testsuite tests="12" failures="2" name="TestSuite" time="22.966" errors="0" skipped="5">
  <properties>
[...]
</properties>
  <testcase classname="com.qa.crm.testcases.ContactsPageTest" name="verifycontactslabel" time="0.585">
    <failure type="java.lang.NullPointerException">java.lang.NullPointerException
	at com.qa.crm.testcases.ContactsPageTest.verifycontactslabel(ContactsPageTest.java:36)
</failure>
    <system-out>Configuring TestNG with: org.apache.maven.surefire.testng.conf.TestNG652Configurator@e73f9ac
Mon Aug 13 21:10:31 IST 2018 test started
08-13-2018 21:10:40 TestBase.java INFO  [main] base.TestBase 44 - The Chrome browser is opened
verifycontactslabel test case is starting
verifycontactslabel test case is failed
</system-out>
    <system-err>Starting ChromeDriver 2.37.544315 (730aa6a5fdba159ac9f4c1e8cbc59bf1b5ce12b7) on port 14634
Only local connections are allowed.
Aug 13, 2018 9:10:40 PM org.openqa.selenium.remote.ProtocolHandshake createSession
INFO: Detected dialect: OSS
</system-err>
  </testcase>
  <testcase classname="com.qa.crm.testcases.HomePageTest" name="verifyhomepagetitletest" time="0.394"/>
  <testcase classname="com.qa.crm.testcases.LoginPageTest" name="loginpagetitletest" time="0.837"/>
  <testcase classname="com.qa.crm.testcases.HomePageTest" name="verifyusername" time="0.646"/>
  <testcase classname="com.qa.crm.testcases.LoginPageTest" name="logintest" time="6.879"/>
  <testcase classname="com.qa.crm.testcases.HomePageTest" name="setup" time="11.316">
    <failure message="unknown error: failed to change window state to maximized, current state is normal
  (Session info: chrome=68.0.3440.106)
  (Driver info: chromedriver=2.37.544315 (730aa6a5fdba159ac9f4c1e8cbc59bf1b5ce12b7),platform=Windows NT 6.1.7601 SP1 x86_64) (WARNING: The server did not provide any stacktrace information)
Command duration or timeout: 0 milliseconds
Build info: version: &apos;3.13.0&apos;, revision: &apos;2f0d292&apos;, time: &apos;2018-06-25T15:24:21.231Z&apos;
System info: host: &apos;BATCH5-PRITHIVI&apos;, ip: &apos;192.168.56.1&apos;, os.name: &apos;Windows 7&apos;, os.arch: &apos;amd64&apos;, os.version: &apos;6.1&apos;, java.version: &apos;1.8.0_121&apos;
Driver info: org.openqa.selenium.chrome.ChromeDriver
Capabilities {acceptInsecureCerts: false, acceptSslCerts: false, applicationCacheEnabled: false, browserConnectionEnabled: false, browserName: chrome, chrome: {chromedriverVersion: 2.37.544315 (730aa6a5fdba15..., userDataDir: C:\Users\LENOVO\AppData\Loc...}, cssSelectorsEnabled: true, databaseEnabled: false, handlesAlerts: true, hasTouchScreen: false, javascriptEnabled: true, locationContextEnabled: true, mobileEmulationEnabled: false, nativeEvents: true, networkConnectionEnabled: false, pageLoadStrategy: normal, platform: XP, platformName: XP, rotatable: false, setWindowRect: true, takesHeapSnapshot: true, takesScreenshot: true, unexpectedAlertBehaviour: , unhandledPromptBehavior: , version: 68.0.3440.106, webStorageEnabled: true}
Session ID: d08d310efa70472ab0a87657dd41ddff" type="org.openqa.selenium.WebDriverException">org.openqa.selenium.WebDriverException: unknown error: failed to change window state to maximized, current state is normal
  (Session info: chrome=68.0.3440.106)
  (Driver info: chromedriver=2.37.544315 (730aa6a5fdba159ac9f4c1e8cbc59bf1b5ce12b7),platform=Windows NT 6.1.7601 SP1 x86_64) (WARNING: The server did not provide any stacktrace information)
Command duration or timeout: 0 milliseconds
Build info: version: &apos;3.13.0&apos;, revision: &apos;2f0d292&apos;, time: &apos;2018-06-25T15:24:21.231Z&apos;
System info: host: &apos;BATCH5-PRITHIVI&apos;, ip: &apos;192.168.56.1&apos;, os.name: &apos;Windows 7&apos;, os.arch: &apos;amd64&apos;, os.version: &apos;6.1&apos;, java.version: &apos;1.8.0_121&apos;
Driver info: org.openqa.selenium.chrome.ChromeDriver
Capabilities {acceptInsecureCerts: false, acceptSslCerts: false, applicationCacheEnabled: false, browserConnectionEnabled: false, browserName: chrome, chrome: {chromedriverVersion: 2.37.544315 (730aa6a5fdba15..., userDataDir: C:\Users\LENOVO\AppData\Loc...}, cssSelectorsEnabled: true, databaseEnabled: false, handlesAlerts: true, hasTouchScreen: false, javascriptEnabled: true, locationContextEnabled: true, mobileEmulationEnabled: false, nativeEvents: true, networkConnectionEnabled: false, pageLoadStrategy: normal, platform: XP, platformName: XP, rotatable: false, setWindowRect: true, takesHeapSnapshot: true, takesScreenshot: true, unexpectedAlertBehaviour: , unhandledPromptBehavior: , version: 68.0.3440.106, webStorageEnabled: true}
Session ID: d08d310efa70472ab0a87657dd41ddff
	at sun.reflect.NativeConstructorAccessorImpl.newInstance0(Native Method)
	at sun.reflect.NativeConstructorAccessorImpl.newInstance(NativeConstructorAccessorImpl.java:62)
	at sun.reflect.DelegatingConstructorAccessorImpl.newInstance(DelegatingConstructorAccessorImpl.java:45)
	at java.lang.reflect.Constructor.newInstance(Constructor.java:423)
	at org.openqa.selenium.remote.ErrorHandler.createThrowable(ErrorHandler.java:214)
	at org.openqa.selenium.remote.ErrorHandler.throwIfResponseFailed(ErrorHandler.java:166)
	at org.openqa.selenium.remote.http.JsonHttpResponseCodec.reconstructValue(JsonHttpResponseCodec.java:40)
	at org.openqa.selenium.remote.http.AbstractHttpResponseCodec.decode(AbstractHttpResponseCodec.java:80)
	at org.openqa.selenium.remote.http.AbstractHttpResponseCodec.decode(AbstractHttpResponseCodec.java:44)
	at org.openqa.selenium.remote.HttpCommandExecutor.execute(HttpCommandExecutor.java:158)
	at org.openqa.selenium.remote.service.DriverCommandExecutor.execute(DriverCommandExecutor.java:83)
	at org.openqa.selenium.remote.RemoteWebDriver.execute(RemoteWebDriver.java:548)
	at org.openqa.selenium.remote.RemoteWebDriver.execute(RemoteWebDriver.java:605)
	at org.openqa.selenium.remote.RemoteWebDriver$RemoteWebDriverOptions$RemoteWindow.maximize(RemoteWebDriver.java:833)
	at com.qa.crm.base.TestBase.browserlaunch(TestBase.java:52)
	at com.qa.crm.testcases.HomePageTest.setup(HomePageTest.java:36)
</failure>
    <system-out>08-13-2018 21:14:29 TestBase.java INFO  [main] base.TestBase 44 - The Chrome browser is opened
</system-out>
    <system-err>Starting ChromeDriver 2.37.544315 (730aa6a5fdba159ac9f4c1e8cbc59bf1b5ce12b7) on port 32184
Only local connections are allowed.
Aug 13, 2018 9:14:29 PM org.openqa.selenium.remote.ProtocolHandshake createSession
INFO: Detected dialect: OSS
</system-err>
  </testcase>
  <testcase classname="com.qa.crm.testcases.HomePageTest" name="verifycontactslink" time="0">
    <skipped/>
    <system-out>verifycontactslink test case is starting
verifycontactslink test case is skipped
</system-out>
  </testcase>
  <testcase classname="com.qa.crm.testcases.HomePageTest" name="teardown" time="0">
    <skipped/>
  </testcase>
  <testcase classname="com.qa.crm.testcases.LoginPageTest" name="crmlogotest" time="0.805"/>
  <testcase classname="com.qa.crm.testcases.HomePageTest" name="setup" time="1.504">
    <skipped/>
  </testcase>
  <testcase classname="com.qa.crm.testcases.HomePageTest" name="navigateonnewcontacts" time="0">
    <skipped/>
    <system-out>navigateonnewcontacts test case is starting
navigateonnewcontacts test case is skipped
</system-out>
  </testcase>
  <testcase classname="com.qa.crm.testcases.HomePageTest" name="teardown" time="0">
    <skipped/>
  </testcase>
</testsuite>