<?xml version="1.0" encoding="UTF-8"?>
<testng-results skipped="2" failed="1" total="8" passed="5">
  <reporter-output>
  </reporter-output>
  <suite name="Command line suite" duration-ms="278230" started-at="2018-08-13T15:40:31Z" finished-at="2018-08-13T15:45:09Z">
    <groups>
    </groups>
    <test name="Command line test" duration-ms="278230" started-at="2018-08-13T15:40:31Z" finished-at="2018-08-13T15:45:09Z">
      <class name="com.qa.crm.testcases.ContactsPageTest">
        <test-method status="PASS" signature="setup()[pri:0, instance:com.qa.crm.testcases.ContactsPageTest@457e2f02]" name="setup" is-config="true" duration-ms="61958" started-at="2018-08-13T21:10:31Z" finished-at="2018-08-13T21:11:33Z">
          <reporter-output>
          </reporter-output>
        </test-method> <!-- setup -->
        <test-method status="FAIL" signature="verifycontactslabel()[pri:1, instance:com.qa.crm.testcases.ContactsPageTest@457e2f02]" name="verifycontactslabel" duration-ms="2" started-at="2018-08-13T21:11:33Z" finished-at="2018-08-13T21:11:33Z">
          <exception class="java.lang.NullPointerException">
            <full-stacktrace>
              <![CDATA[java.lang.NullPointerException
	at com.qa.crm.testcases.ContactsPageTest.verifycontactslabel(ContactsPageTest.java:36)
	at sun.reflect.NativeMethodAccessorImpl.invoke0(Native Method)
	at sun.reflect.NativeMethodAccessorImpl.invoke(NativeMethodAccessorImpl.java:62)
	at sun.reflect.DelegatingMethodAccessorImpl.invoke(DelegatingMethodAccessorImpl.java:43)
	at java.lang.reflect.Method.invoke(Method.java:498)
	at org.testng.internal.MethodInvocationHelper.invokeMethod(MethodInvocationHelper.java:86)
	at org.testng.internal.Invoker.invokeMethod(Invoker.java:643)
	at org.testng.internal.Invoker.invokeTestMethod(Invoker.java:820)
	at org.testng.internal.Invoker.invokeTestMethods(Invoker.java:1128)
	at org.testng.internal.TestMethodWorker.invokeTestMethods(TestMethodWorker.java:129)
	at org.testng.internal.TestMethodWorker.run(TestMethodWorker.java:112)
	at org.testng.TestRunner.privateRun(TestRunner.java:782)
	at org.testng.TestRunner.run(TestRunner.java:632)
	at org.testng.SuiteRunner.runTest(SuiteRunner.java:366)
	at org.testng.SuiteRunner.runSequentially(SuiteRunner.java:361)
	at org.testng.SuiteRunner.privateRun(SuiteRunner.java:319)
	at org.testng.SuiteRunner.run(SuiteRunner.java:268)
	at org.testng.SuiteRunnerWorker.runSuite(SuiteRunnerWorker.java:52)
	at org.testng.SuiteRunnerWorker.run(SuiteRunnerWorker.java:86)
	at org.testng.TestNG.runSuitesSequentially(TestNG.java:1244)
	at org.testng.TestNG.runSuitesLocally(TestNG.java:1169)
	at org.testng.TestNG.run(TestNG.java:1064)
	at org.apache.maven.surefire.testng.TestNGExecutor.run(TestNGExecutor.java:77)
	at org.apache.maven.surefire.testng.TestNGDirectoryTestSuite.executeMulti(TestNGDirectoryTestSuite.java:159)
	at org.apache.maven.surefire.testng.TestNGDirectoryTestSuite.execute(TestNGDirectoryTestSuite.java:99)
	at org.apache.maven.surefire.testng.TestNGProvider.invoke(TestNGProvider.java:106)
	at sun.reflect.NativeMethodAccessorImpl.invoke0(Native Method)
	at sun.reflect.NativeMethodAccessorImpl.invoke(NativeMethodAccessorImpl.java:62)
	at sun.reflect.DelegatingMethodAccessorImpl.invoke(DelegatingMethodAccessorImpl.java:43)
	at java.lang.reflect.Method.invoke(Method.java:498)
	at org.apache.maven.surefire.util.ReflectionUtils.invokeMethodWithArray(ReflectionUtils.java:189)
	at org.apache.maven.surefire.booter.ProviderFactory$ProviderProxy.invoke(ProviderFactory.java:165)
	at org.apache.maven.surefire.booter.ProviderFactory.invokeProvider(ProviderFactory.java:85)
	at org.apache.maven.surefire.booter.ForkedBooter.runSuitesInProcess(ForkedBooter.java:115)
	at org.apache.maven.surefire.booter.ForkedBooter.main(ForkedBooter.java:75)
]]>
            </full-stacktrace>
          </exception> <!-- java.lang.NullPointerException -->
          <reporter-output>
          </reporter-output>
        </test-method> <!-- verifycontactslabel -->
        <test-method status="PASS" signature="teardown()[pri:0, instance:com.qa.crm.testcases.ContactsPageTest@457e2f02]" name="teardown" is-config="true" duration-ms="726" started-at="2018-08-13T21:11:33Z" finished-at="2018-08-13T21:11:34Z">
          <reporter-output>
          </reporter-output>
        </test-method> <!-- teardown -->
      </class> <!-- com.qa.crm.testcases.ContactsPageTest -->
      <class name="com.qa.crm.testcases.LoginPageTest">
        <test-method status="PASS" signature="setup()[pri:0, instance:com.qa.crm.testcases.LoginPageTest@39aeed2f]" name="setup" is-config="true" duration-ms="36595" started-at="2018-08-13T21:12:20Z" finished-at="2018-08-13T21:12:57Z">
          <reporter-output>
          </reporter-output>
        </test-method> <!-- setup -->
        <test-method status="PASS" signature="loginpagetitletest()[pri:1, instance:com.qa.crm.testcases.LoginPageTest@39aeed2f]" name="loginpagetitletest" duration-ms="15" started-at="2018-08-13T21:12:57Z" finished-at="2018-08-13T21:12:57Z">
          <reporter-output>
          </reporter-output>
        </test-method> <!-- loginpagetitletest -->
        <test-method status="PASS" signature="teardown()[pri:0, instance:com.qa.crm.testcases.LoginPageTest@39aeed2f]" name="teardown" is-config="true" duration-ms="2422" started-at="2018-08-13T21:12:57Z" finished-at="2018-08-13T21:13:00Z">
          <reporter-output>
          </reporter-output>
        </test-method> <!-- teardown -->
        <test-method status="PASS" signature="setup()[pri:0, instance:com.qa.crm.testcases.LoginPageTest@39aeed2f]" name="setup" is-config="true" duration-ms="31002" started-at="2018-08-13T21:13:48Z" finished-at="2018-08-13T21:14:19Z">
          <reporter-output>
          </reporter-output>
        </test-method> <!-- setup -->
        <test-method status="PASS" signature="logintest()[pri:2, instance:com.qa.crm.testcases.LoginPageTest@39aeed2f]" name="logintest" duration-ms="6366" started-at="2018-08-13T21:14:19Z" finished-at="2018-08-13T21:14:26Z">
          <reporter-output>
          </reporter-output>
        </test-method> <!-- logintest -->
        <test-method status="PASS" signature="teardown()[pri:0, instance:com.qa.crm.testcases.LoginPageTest@39aeed2f]" name="teardown" is-config="true" duration-ms="850" started-at="2018-08-13T21:14:26Z" finished-at="2018-08-13T21:14:27Z">
          <reporter-output>
          </reporter-output>
        </test-method> <!-- teardown -->
        <test-method status="PASS" signature="setup()[pri:0, instance:com.qa.crm.testcases.LoginPageTest@39aeed2f]" name="setup" is-config="true" duration-ms="37036" started-at="2018-08-13T21:14:30Z" finished-at="2018-08-13T21:15:08Z">
          <reporter-output>
          </reporter-output>
        </test-method> <!-- setup -->
        <test-method status="PASS" signature="crmlogotest()[pri:3, instance:com.qa.crm.testcases.LoginPageTest@39aeed2f]" name="crmlogotest" duration-ms="63" started-at="2018-08-13T21:15:08Z" finished-at="2018-08-13T21:15:08Z">
          <reporter-output>
          </reporter-output>
        </test-method> <!-- crmlogotest -->
        <test-method status="PASS" signature="teardown()[pri:0, instance:com.qa.crm.testcases.LoginPageTest@39aeed2f]" name="teardown" is-config="true" duration-ms="698" started-at="2018-08-13T21:15:08Z" finished-at="2018-08-13T21:15:09Z">
          <reporter-output>
          </reporter-output>
        </test-method> <!-- teardown -->
      </class> <!-- com.qa.crm.testcases.LoginPageTest -->
      <class name="com.qa.crm.testcases.HomePageTest">
        <test-method status="PASS" signature="setup()[pri:0, instance:com.qa.crm.testcases.HomePageTest@5c7fa833]" name="setup" is-config="true" duration-ms="44828" started-at="2018-08-13T21:11:34Z" finished-at="2018-08-13T21:12:19Z">
          <reporter-output>
          </reporter-output>
        </test-method> <!-- setup -->
        <test-method status="PASS" signature="verifyhomepagetitletest()[pri:1, instance:com.qa.crm.testcases.HomePageTest@5c7fa833]" name="verifyhomepagetitletest" duration-ms="17" started-at="2018-08-13T21:12:19Z" finished-at="2018-08-13T21:12:19Z">
          <reporter-output>
          </reporter-output>
        </test-method> <!-- verifyhomepagetitletest -->
        <test-method status="PASS" signature="teardown()[pri:0, instance:com.qa.crm.testcases.HomePageTest@5c7fa833]" name="teardown" is-config="true" duration-ms="725" started-at="2018-08-13T21:12:19Z" finished-at="2018-08-13T21:12:20Z">
          <reporter-output>
          </reporter-output>
        </test-method> <!-- teardown -->
        <test-method status="PASS" signature="setup()[pri:0, instance:com.qa.crm.testcases.HomePageTest@5c7fa833]" name="setup" is-config="true" duration-ms="46638" started-at="2018-08-13T21:13:00Z" finished-at="2018-08-13T21:13:47Z">
          <reporter-output>
          </reporter-output>
        </test-method> <!-- setup -->
        <test-method status="PASS" signature="verifyusername()[pri:2, instance:com.qa.crm.testcases.HomePageTest@5c7fa833]" name="verifyusername" duration-ms="140" started-at="2018-08-13T21:13:47Z" finished-at="2018-08-13T21:13:47Z">
          <reporter-output>
          </reporter-output>
        </test-method> <!-- verifyusername -->
        <test-method status="PASS" signature="teardown()[pri:0, instance:com.qa.crm.testcases.HomePageTest@5c7fa833]" name="teardown" is-config="true" duration-ms="986" started-at="2018-08-13T21:13:47Z" finished-at="2018-08-13T21:13:48Z">
          <reporter-output>
          </reporter-output>
        </test-method> <!-- teardown -->
        <test-method status="FAIL" signature="setup()[pri:0, instance:com.qa.crm.testcases.HomePageTest@5c7fa833]" name="setup" is-config="true" duration-ms="0" started-at="2018-08-13T21:14:27Z" finished-at="2018-08-13T21:14:27Z">
          <exception class="org.openqa.selenium.WebDriverException">
            <message>
              <![CDATA[unknown error: failed to change window state to maximized, current state is normal
  (Session info: chrome=68.0.3440.106)
  (Driver info: chromedriver=2.37.544315 (730aa6a5fdba159ac9f4c1e8cbc59bf1b5ce12b7),platform=Windows NT 6.1.7601 SP1 x86_64) (WARNING: The server did not provide any stacktrace information)
Command duration or timeout: 0 milliseconds
Build info: version: '3.13.0', revision: '2f0d292', time: '2018-06-25T15:24:21.231Z'
System info: host: 'BATCH5-PRITHIVI', ip: '192.168.56.1', os.name: 'Windows 7', os.arch: 'amd64', os.version: '6.1', java.version: '1.8.0_121'
Driver info: org.openqa.selenium.chrome.ChromeDriver
Capabilities {acceptInsecureCerts: false, acceptSslCerts: false, applicationCacheEnabled: false, browserConnectionEnabled: false, browserName: chrome, chrome: {chromedriverVersion: 2.37.544315 (730aa6a5fdba15..., userDataDir: C:\Users\LENOVO\AppData\Loc...}, cssSelectorsEnabled: true, databaseEnabled: false, handlesAlerts: true, hasTouchScreen: false, javascriptEnabled: true, locationContextEnabled: true, mobileEmulationEnabled: false, nativeEvents: true, networkConnectionEnabled: false, pageLoadStrategy: normal, platform: XP, platformName: XP, rotatable: false, setWindowRect: true, takesHeapSnapshot: true, takesScreenshot: true, unexpectedAlertBehaviour: , unhandledPromptBehavior: , version: 68.0.3440.106, webStorageEnabled: true}
Session ID: d08d310efa70472ab0a87657dd41ddff]]>
            </message>
            <full-stacktrace>
              <![CDATA[org.openqa.selenium.WebDriverException: unknown error: failed to change window state to maximized, current state is normal
  (Session info: chrome=68.0.3440.106)
  (Driver info: chromedriver=2.37.544315 (730aa6a5fdba159ac9f4c1e8cbc59bf1b5ce12b7),platform=Windows NT 6.1.7601 SP1 x86_64) (WARNING: The server did not provide any stacktrace information)
Command duration or timeout: 0 milliseconds
Build info: version: '3.13.0', revision: '2f0d292', time: '2018-06-25T15:24:21.231Z'
System info: host: 'BATCH5-PRITHIVI', ip: '192.168.56.1', os.name: 'Windows 7', os.arch: 'amd64', os.version: '6.1', java.version: '1.8.0_121'
Driver info: org.openqa.selenium.chrome.ChromeDriver
Capabilities {acceptInsecureCerts: false, acceptSslCerts: false, applicationCacheEnabled: false, browserConnectionEnabled: false, browserName: chrome, chrome: {chromedriverVersion: 2.37.544315 (730aa6a5fdba15..., userDataDir: C:\Users\LENOVO\AppData\Loc...}, cssSelectorsEnabled: true, databaseEnabled: false, handlesAlerts: true, hasTouchScreen: false, javascriptEnabled: true, locationContextEnabled: true, mobileEmulationEnabled: false, nativeEvents: true, networkConnectionEnabled: false, pageLoadStrategy: normal, platform: XP, platformName: XP, rotatable: false, setWindowRect: true, takesHeapSnapshot: true, takesScreenshot: true, unexpectedAlertBehaviour: , unhandledPromptBehavior: , version: 68.0.3440.106, webStorageEnabled: true}
Session ID: d08d310efa70472ab0a87657dd41ddff
	at sun.reflect.NativeConstructorAccessorImpl.newInstance0(Native Method)
	at sun.reflect.NativeConstructorAccessorImpl.newInstance(NativeConstructorAccessorImpl.java:62)
	at sun.reflect.DelegatingConstructorAccessorImpl.newInstance(DelegatingConstructorAccessorImpl.java:45)
	at java.lang.reflect.Constructor.newInstance(Constructor.java:423)
	at org.openqa.selenium.remote.ErrorHandler.createThrowable(ErrorHandler.java:214)
	at org.openqa.selenium.remote.ErrorHandler.throwIfResponseFailed(ErrorHandler.java:166)
	at org.openqa.selenium.remote.http.JsonHttpResponseCodec.reconstructValue(JsonHttpResponseCodec.java:40)
	at org.openqa.selenium.remote.http.AbstractHttpResponseCodec.decode(AbstractHttpResponseCodec.java:80)
	at org.openqa.selenium.remote.http.AbstractHttpResponseCodec.decode(AbstractHttpResponseCodec.java:44)
	at org.openqa.selenium.remote.HttpCommandExecutor.execute(HttpCommandExecutor.java:158)
	at org.openqa.selenium.remote.service.DriverCommandExecutor.execute(DriverCommandExecutor.java:83)
	at org.openqa.selenium.remote.RemoteWebDriver.execute(RemoteWebDriver.java:548)
	at org.openqa.selenium.remote.RemoteWebDriver.execute(RemoteWebDriver.java:605)
	at org.openqa.selenium.remote.RemoteWebDriver$RemoteWebDriverOptions$RemoteWindow.maximize(RemoteWebDriver.java:833)
	at com.qa.crm.base.TestBase.browserlaunch(TestBase.java:52)
	at com.qa.crm.testcases.HomePageTest.setup(HomePageTest.java:36)
	at sun.reflect.NativeMethodAccessorImpl.invoke0(Native Method)
	at sun.reflect.NativeMethodAccessorImpl.invoke(NativeMethodAccessorImpl.java:62)
	at sun.reflect.DelegatingMethodAccessorImpl.invoke(DelegatingMethodAccessorImpl.java:43)
	at java.lang.reflect.Method.invoke(Method.java:498)
	at org.testng.internal.MethodInvocationHelper.invokeMethod(MethodInvocationHelper.java:86)
	at org.testng.internal.Invoker.invokeConfigurationMethod(Invoker.java:514)
	at org.testng.internal.Invoker.invokeConfigurations(Invoker.java:215)
	at org.testng.internal.Invoker.invokeMethod(Invoker.java:589)
	at org.testng.internal.Invoker.invokeTestMethod(Invoker.java:820)
	at org.testng.internal.Invoker.invokeTestMethods(Invoker.java:1128)
	at org.testng.internal.TestMethodWorker.invokeTestMethods(TestMethodWorker.java:129)
	at org.testng.internal.TestMethodWorker.run(TestMethodWorker.java:112)
	at org.testng.TestRunner.privateRun(TestRunner.java:782)
	at org.testng.TestRunner.run(TestRunner.java:632)
	at org.testng.SuiteRunner.runTest(SuiteRunner.java:366)
	at org.testng.SuiteRunner.runSequentially(SuiteRunner.java:361)
	at org.testng.SuiteRunner.privateRun(SuiteRunner.java:319)
	at org.testng.SuiteRunner.run(SuiteRunner.java:268)
	at org.testng.SuiteRunnerWorker.runSuite(SuiteRunnerWorker.java:52)
	at org.testng.SuiteRunnerWorker.run(SuiteRunnerWorker.java:86)
	at org.testng.TestNG.runSuitesSequentially(TestNG.java:1244)
	at org.testng.TestNG.runSuitesLocally(TestNG.java:1169)
	at org.testng.TestNG.run(TestNG.java:1064)
	at org.apache.maven.surefire.testng.TestNGExecutor.run(TestNGExecutor.java:77)
	at org.apache.maven.surefire.testng.TestNGDirectoryTestSuite.executeMulti(TestNGDirectoryTestSuite.java:159)
	at org.apache.maven.surefire.testng.TestNGDirectoryTestSuite.execute(TestNGDirectoryTestSuite.java:99)
	at org.apache.maven.surefire.testng.TestNGProvider.invoke(TestNGProvider.java:106)
	at sun.reflect.NativeMethodAccessorImpl.invoke0(Native Method)
	at sun.reflect.NativeMethodAccessorImpl.invoke(NativeMethodAccessorImpl.java:62)
	at sun.reflect.DelegatingMethodAccessorImpl.invoke(DelegatingMethodAccessorImpl.java:43)
	at java.lang.reflect.Method.invoke(Method.java:498)
	at org.apache.maven.surefire.util.ReflectionUtils.invokeMethodWithArray(ReflectionUtils.java:189)
	at org.apache.maven.surefire.booter.ProviderFactory$ProviderProxy.invoke(ProviderFactory.java:165)
	at org.apache.maven.surefire.booter.ProviderFactory.invokeProvider(ProviderFactory.java:85)
	at org.apache.maven.surefire.booter.ForkedBooter.runSuitesInProcess(ForkedBooter.java:115)
	at org.apache.maven.surefire.booter.ForkedBooter.main(ForkedBooter.java:75)
]]>
            </full-stacktrace>
          </exception> <!-- org.openqa.selenium.WebDriverException -->
          <reporter-output>
          </reporter-output>
        </test-method> <!-- setup -->
        <test-method status="SKIP" signature="verifycontactslink()[pri:3, instance:com.qa.crm.testcases.HomePageTest@5c7fa833]" name="verifycontactslink" duration-ms="1" started-at="2018-08-13T21:14:30Z" finished-at="2018-08-13T21:14:30Z">
          <reporter-output>
          </reporter-output>
        </test-method> <!-- verifycontactslink -->
        <test-method status="SKIP" signature="teardown()[pri:0, instance:com.qa.crm.testcases.HomePageTest@5c7fa833]" name="teardown" is-config="true" duration-ms="0" started-at="2018-08-13T21:14:30Z" finished-at="2018-08-13T21:14:30Z">
          <reporter-output>
          </reporter-output>
        </test-method> <!-- teardown -->
        <test-method status="SKIP" signature="setup()[pri:0, instance:com.qa.crm.testcases.HomePageTest@5c7fa833]" name="setup" is-config="true" duration-ms="0" started-at="2018-08-13T21:15:09Z" finished-at="2018-08-13T21:15:09Z">
          <reporter-output>
          </reporter-output>
        </test-method> <!-- setup -->
        <test-method status="SKIP" signature="navigateonnewcontacts()[pri:4, instance:com.qa.crm.testcases.HomePageTest@5c7fa833]" name="navigateonnewcontacts" duration-ms="0" started-at="2018-08-13T21:15:09Z" finished-at="2018-08-13T21:15:09Z">
          <reporter-output>
          </reporter-output>
        </test-method> <!-- navigateonnewcontacts -->
        <test-method status="SKIP" signature="teardown()[pri:0, instance:com.qa.crm.testcases.HomePageTest@5c7fa833]" name="teardown" is-config="true" duration-ms="0" started-at="2018-08-13T21:15:09Z" finished-at="2018-08-13T21:15:09Z">
          <reporter-output>
          </reporter-output>
        </test-method> <!-- teardown -->
      </class> <!-- com.qa.crm.testcases.HomePageTest -->
    </test> <!-- Command line test -->
  </suite> <!-- Command line suite -->
</testng-results>
