<?xml version="1.0" encoding="UTF-8"?>
<testng-results skipped="0" failed="1" total="4" passed="3">
  <reporter-output>
  </reporter-output>
  <suite name="Default suite" duration-ms="93398" started-at="2018-08-13T15:32:36Z" finished-at="2018-08-13T15:34:09Z">
    <groups>
    </groups>
    <test name="Default test" duration-ms="93398" started-at="2018-08-13T15:32:36Z" finished-at="2018-08-13T15:34:09Z">
      <class name="com.qa.crm.testcases.HomePageTest">
        <test-method status="PASS" signature="setup()[pri:0, instance:com.qa.crm.testcases.HomePageTest@e45f292]" name="setup" is-config="true" duration-ms="20967" started-at="2018-08-13T21:02:36Z" finished-at="2018-08-13T21:02:57Z">
          <reporter-output>
          </reporter-output>
        </test-method> <!-- setup -->
        <test-method status="PASS" signature="verifyhomepagetitletest()[pri:1, instance:com.qa.crm.testcases.HomePageTest@e45f292]" name="verifyhomepagetitletest" duration-ms="21" started-at="2018-08-13T21:02:57Z" finished-at="2018-08-13T21:02:57Z">
          <reporter-output>
          </reporter-output>
        </test-method> <!-- verifyhomepagetitletest -->
        <test-method status="PASS" signature="teardown()[pri:0, instance:com.qa.crm.testcases.HomePageTest@e45f292]" name="teardown" is-config="true" duration-ms="711" started-at="2018-08-13T21:02:57Z" finished-at="2018-08-13T21:02:58Z">
          <reporter-output>
          </reporter-output>
        </test-method> <!-- teardown -->
        <test-method status="PASS" signature="setup()[pri:0, instance:com.qa.crm.testcases.HomePageTest@e45f292]" name="setup" is-config="true" duration-ms="20179" started-at="2018-08-13T21:02:58Z" finished-at="2018-08-13T21:03:18Z">
          <reporter-output>
          </reporter-output>
        </test-method> <!-- setup -->
        <test-method status="PASS" signature="verifyusername()[pri:2, instance:com.qa.crm.testcases.HomePageTest@e45f292]" name="verifyusername" duration-ms="123" started-at="2018-08-13T21:03:18Z" finished-at="2018-08-13T21:03:18Z">
          <reporter-output>
          </reporter-output>
        </test-method> <!-- verifyusername -->
        <test-method status="PASS" signature="teardown()[pri:0, instance:com.qa.crm.testcases.HomePageTest@e45f292]" name="teardown" is-config="true" duration-ms="741" started-at="2018-08-13T21:03:19Z" finished-at="2018-08-13T21:03:19Z">
          <reporter-output>
          </reporter-output>
        </test-method> <!-- teardown -->
        <test-method status="PASS" signature="setup()[pri:0, instance:com.qa.crm.testcases.HomePageTest@e45f292]" name="setup" is-config="true" duration-ms="21069" started-at="2018-08-13T21:03:19Z" finished-at="2018-08-13T21:03:40Z">
          <reporter-output>
          </reporter-output>
        </test-method> <!-- setup -->
        <test-method status="PASS" signature="verifycontactslink()[pri:3, instance:com.qa.crm.testcases.HomePageTest@e45f292]" name="verifycontactslink" duration-ms="5226" started-at="2018-08-13T21:03:40Z" finished-at="2018-08-13T21:03:46Z">
          <reporter-output>
          </reporter-output>
        </test-method> <!-- verifycontactslink -->
        <test-method status="PASS" signature="teardown()[pri:0, instance:com.qa.crm.testcases.HomePageTest@e45f292]" name="teardown" is-config="true" duration-ms="2308" started-at="2018-08-13T21:03:46Z" finished-at="2018-08-13T21:03:48Z">
          <reporter-output>
          </reporter-output>
        </test-method> <!-- teardown -->
        <test-method status="PASS" signature="setup()[pri:0, instance:com.qa.crm.testcases.HomePageTest@e45f292]" name="setup" is-config="true" duration-ms="13974" started-at="2018-08-13T21:03:48Z" finished-at="2018-08-13T21:04:02Z">
          <reporter-output>
          </reporter-output>
        </test-method> <!-- setup -->
        <test-method status="FAIL" signature="navigateonnewcontacts()[pri:4, instance:com.qa.crm.testcases.HomePageTest@e45f292]" name="navigateonnewcontacts" duration-ms="5365" started-at="2018-08-13T21:04:02Z" finished-at="2018-08-13T21:04:08Z">
          <exception class="java.lang.IndexOutOfBoundsException">
            <message>
              <![CDATA[Index: 3, Size: 3]]>
            </message>
            <full-stacktrace>
              <![CDATA[java.lang.IndexOutOfBoundsException: Index: 3, Size: 3
	at java.util.ArrayList.rangeCheck(Unknown Source)
	at java.util.ArrayList.get(Unknown Source)
	at com.qa.crm.pages.HomePage.selecttheunderlyingfieldsfromcontactstab(HomePage.java:70)
	at com.qa.crm.testcases.HomePageTest.navigateonnewcontacts(HomePageTest.java:60)
	at sun.reflect.NativeMethodAccessorImpl.invoke0(Native Method)
	at sun.reflect.NativeMethodAccessorImpl.invoke(Unknown Source)
	at sun.reflect.DelegatingMethodAccessorImpl.invoke(Unknown Source)
	at java.lang.reflect.Method.invoke(Unknown Source)
	at org.testng.internal.MethodInvocationHelper.invokeMethod(MethodInvocationHelper.java:86)
	at org.testng.internal.Invoker.invokeMethod(Invoker.java:643)
	at org.testng.internal.Invoker.invokeTestMethod(Invoker.java:820)
	at org.testng.internal.Invoker.invokeTestMethods(Invoker.java:1128)
	at org.testng.internal.TestMethodWorker.invokeTestMethods(TestMethodWorker.java:129)
	at org.testng.internal.TestMethodWorker.run(TestMethodWorker.java:112)
	at org.testng.TestRunner.privateRun(TestRunner.java:782)
	at org.testng.TestRunner.run(TestRunner.java:632)
	at org.testng.SuiteRunner.runTest(SuiteRunner.java:366)
	at org.testng.SuiteRunner.runSequentially(SuiteRunner.java:361)
	at org.testng.SuiteRunner.privateRun(SuiteRunner.java:319)
	at org.testng.SuiteRunner.run(SuiteRunner.java:268)
	at org.testng.SuiteRunnerWorker.runSuite(SuiteRunnerWorker.java:52)
	at org.testng.SuiteRunnerWorker.run(SuiteRunnerWorker.java:86)
	at org.testng.TestNG.runSuitesSequentially(TestNG.java:1244)
	at org.testng.TestNG.runSuitesLocally(TestNG.java:1169)
	at org.testng.TestNG.run(TestNG.java:1064)
	at org.testng.remote.AbstractRemoteTestNG.run(AbstractRemoteTestNG.java:114)
	at org.testng.remote.RemoteTestNG.initAndRun(RemoteTestNG.java:251)
	at org.testng.remote.RemoteTestNG.main(RemoteTestNG.java:77)
]]>
            </full-stacktrace>
          </exception> <!-- java.lang.IndexOutOfBoundsException -->
          <reporter-output>
          </reporter-output>
        </test-method> <!-- navigateonnewcontacts -->
        <test-method status="PASS" signature="teardown()[pri:0, instance:com.qa.crm.testcases.HomePageTest@e45f292]" name="teardown" is-config="true" duration-ms="730" started-at="2018-08-13T21:04:08Z" finished-at="2018-08-13T21:04:09Z">
          <reporter-output>
          </reporter-output>
        </test-method> <!-- teardown -->
      </class> <!-- com.qa.crm.testcases.HomePageTest -->
    </test> <!-- Default test -->
  </suite> <!-- Default suite -->
</testng-results>
