<?xml version="1.0" encoding="UTF-8"?>
<testng-results skipped="0" failed="0" total="4" passed="4">
  <reporter-output>
  </reporter-output>
  <suite name="Default suite" duration-ms="171445" started-at="2018-08-13T10:41:28Z" finished-at="2018-08-13T10:44:19Z">
    <groups>
    </groups>
    <test name="Default test" duration-ms="171445" started-at="2018-08-13T10:41:28Z" finished-at="2018-08-13T10:44:19Z">
      <class name="com.qa.crm.testcases.HomePageTest">
        <test-method status="PASS" signature="setup()[pri:0, instance:com.qa.crm.testcases.HomePageTest@5dfcfece]" name="setup" is-config="true" duration-ms="47817" started-at="2018-08-13T16:11:28Z" finished-at="2018-08-13T16:12:16Z">
          <reporter-output>
          </reporter-output>
        </test-method> <!-- setup -->
        <test-method status="PASS" signature="verifyhomepagetitletest()[pri:1, instance:com.qa.crm.testcases.HomePageTest@5dfcfece]" name="verifyhomepagetitletest" duration-ms="24" started-at="2018-08-13T16:12:16Z" finished-at="2018-08-13T16:12:16Z">
          <reporter-output>
          </reporter-output>
        </test-method> <!-- verifyhomepagetitletest -->
        <test-method status="PASS" signature="teardown()[pri:0, instance:com.qa.crm.testcases.HomePageTest@5dfcfece]" name="teardown" is-config="true" duration-ms="726" started-at="2018-08-13T16:12:16Z" finished-at="2018-08-13T16:12:17Z">
          <reporter-output>
          </reporter-output>
        </test-method> <!-- teardown -->
        <test-method status="PASS" signature="setup()[pri:0, instance:com.qa.crm.testcases.HomePageTest@5dfcfece]" name="setup" is-config="true" duration-ms="39942" started-at="2018-08-13T16:12:17Z" finished-at="2018-08-13T16:12:57Z">
          <reporter-output>
          </reporter-output>
        </test-method> <!-- setup -->
        <test-method status="PASS" signature="verifyusername()[pri:2, instance:com.qa.crm.testcases.HomePageTest@5dfcfece]" name="verifyusername" duration-ms="136" started-at="2018-08-13T16:12:57Z" finished-at="2018-08-13T16:12:57Z">
          <reporter-output>
          </reporter-output>
        </test-method> <!-- verifyusername -->
        <test-method status="PASS" signature="teardown()[pri:0, instance:com.qa.crm.testcases.HomePageTest@5dfcfece]" name="teardown" is-config="true" duration-ms="695" started-at="2018-08-13T16:12:57Z" finished-at="2018-08-13T16:12:58Z">
          <reporter-output>
          </reporter-output>
        </test-method> <!-- teardown -->
        <test-method status="PASS" signature="setup()[pri:0, instance:com.qa.crm.testcases.HomePageTest@5dfcfece]" name="setup" is-config="true" duration-ms="36055" started-at="2018-08-13T16:12:58Z" finished-at="2018-08-13T16:13:34Z">
          <reporter-output>
          </reporter-output>
        </test-method> <!-- setup -->
        <test-method status="PASS" signature="verifycontactslink()[pri:3, instance:com.qa.crm.testcases.HomePageTest@5dfcfece]" name="verifycontactslink" duration-ms="263" started-at="2018-08-13T16:13:34Z" finished-at="2018-08-13T16:13:34Z">
          <reporter-output>
          </reporter-output>
        </test-method> <!-- verifycontactslink -->
        <test-method status="PASS" signature="teardown()[pri:0, instance:com.qa.crm.testcases.HomePageTest@5dfcfece]" name="teardown" is-config="true" duration-ms="2254" started-at="2018-08-13T16:13:35Z" finished-at="2018-08-13T16:13:37Z">
          <reporter-output>
          </reporter-output>
        </test-method> <!-- teardown -->
        <test-method status="PASS" signature="setup()[pri:0, instance:com.qa.crm.testcases.HomePageTest@5dfcfece]" name="setup" is-config="true" duration-ms="39604" started-at="2018-08-13T16:13:37Z" finished-at="2018-08-13T16:14:17Z">
          <reporter-output>
          </reporter-output>
        </test-method> <!-- setup -->
        <test-method status="PASS" signature="navigateonnewcontacts()[pri:4, instance:com.qa.crm.testcases.HomePageTest@5dfcfece]" name="navigateonnewcontacts" duration-ms="1643" started-at="2018-08-13T16:14:17Z" finished-at="2018-08-13T16:14:18Z">
          <reporter-output>
          </reporter-output>
        </test-method> <!-- navigateonnewcontacts -->
        <test-method status="PASS" signature="teardown()[pri:0, instance:com.qa.crm.testcases.HomePageTest@5dfcfece]" name="teardown" is-config="true" duration-ms="693" started-at="2018-08-13T16:14:19Z" finished-at="2018-08-13T16:14:19Z">
          <reporter-output>
          </reporter-output>
        </test-method> <!-- teardown -->
      </class> <!-- com.qa.crm.testcases.HomePageTest -->
    </test> <!-- Default test -->
  </suite> <!-- Default suite -->
</testng-results>
